<?xml version="1.0" encoding="UTF-8"?>
<testng-results total="1" passed="1" failed="0" skipped="0">
  <reporter-output>
    <line>
      <![CDATA[FAIL::: Unable to find element: select_gender with locator: By.xpath: //select[@id='gender']]]>
    </line>
    <line>
      <![CDATA[PASS::: User logged-in successfully...!!]]>
    </line>
  </reporter-output>
  <suite started-at="2019-07-04T06:47:19Z" name="Suite" finished-at="2019-07-04T06:47:46Z" duration-ms="26832">
    <groups>
    </groups>
    <test started-at="2019-07-04T06:47:19Z" name="Test" finished-at="2019-07-04T06:47:46Z" duration-ms="26832">
      <class name="citiustech.hackaton.test.TC01.SampleLoginTest">
        <test-method is-config="true" signature="setUp()[pri:0, instance:citiustech.hackaton.test.TC01.SampleLoginTest@176d53b2]" started-at="2019-07-04T12:17:19Z" name="setUp" finished-at="2019-07-04T12:17:23Z" duration-ms="4188" status="PASS">
          <reporter-output>
          </reporter-output>
        </test-method> <!-- setUp -->
        <test-method signature="login()[pri:0, instance:citiustech.hackaton.test.TC01.SampleLoginTest@176d53b2]" started-at="2019-07-04T12:17:23Z" name="login" finished-at="2019-07-04T12:17:45Z" duration-ms="21988" status="PASS">
          <reporter-output>
            <line>
              <![CDATA[FAIL::: Unable to find element: select_gender with locator: By.xpath: //select[@id='gender']]]>
            </line>
            <line>
              <![CDATA[PASS::: User logged-in successfully...!!]]>
            </line>
          </reporter-output>
        </test-method> <!-- login -->
        <test-method is-config="true" signature="afterMethod()[pri:0, instance:citiustech.hackaton.test.TC01.SampleLoginTest@176d53b2]" started-at="2019-07-04T12:17:45Z" name="afterMethod" finished-at="2019-07-04T12:17:46Z" duration-ms="641" status="PASS">
          <reporter-output>
          </reporter-output>
        </test-method> <!-- afterMethod -->
      </class> <!-- citiustech.hackaton.test.TC01.SampleLoginTest -->
    </test> <!-- Test -->
  </suite> <!-- Suite -->
</testng-results>
